Building DAG of jobs...
Provided cores: 8
Rules claiming more threads will be scaled down.
Job stats:
job                count
---------------  -------
preprocess_data        1
total                  1

Select jobs to execute...

[Sat Dec 30 11:37:52 2023]
rule preprocess_data:
    input: ../Data/train.csv
    output: ../Data/prepared_data.csv
    jobid: 0
    reason: Forced execution
    resources: tmpdir=C:\Users\hedwi\AppData\Local\Temp

[Sat Dec 30 11:37:52 2023]
Error in rule preprocess_data:
    jobid: 0
    input: ../Data/train.csv
    output: ../Data/prepared_data.csv
    shell:
        
        python3 preprocess_data.py ../Data/train.csv ../Data/prepared_data.csv
        
        (one of the commands exited with non-zero exit code; note that snakemake uses bash strict mode!)

Shutting down, this might take some time.
Exiting because a job execution failed. Look above for error message
Complete log: .snakemake\log\2023-12-30T113752.487109.snakemake.log
