Building DAG of jobs...
Provided cores: 8
Rules claiming more threads will be scaled down.
Job stats:
job                count
---------------  -------
preprocess_data        1
total                  1

Select jobs to execute...

[Sat Dec 30 11:52:25 2023]
rule preprocess_data:
    input: ../Data/train.csv
    output: ../Data/prepared_data.csv
    jobid: 0
    reason: Forced execution
    resources: tmpdir=C:\Users\hedwi\AppData\Local\Temp

[Sat Dec 30 11:52:26 2023]
Finished job 0.
1 of 1 steps (100%) done
Complete log: .snakemake\log\2023-12-30T115224.970003.snakemake.log
