Building DAG of jobs...
Provided cores: 8
Rules claiming more threads will be scaled down.
Job stats:
job            count
-----------  -------
train_model        1
total              1

Select jobs to execute...

[Sat Dec 30 11:52:47 2023]
rule train_model:
    input: ../Data/prepared_data.csv
    output: ../Data/models_and_data.pkl
    jobid: 1
    reason: Forced execution
    resources: tmpdir=C:\Users\hedwi\AppData\Local\Temp

[Sat Dec 30 11:52:48 2023]
Finished job 1.
1 of 1 steps (100%) done
Complete log: .snakemake\log\2023-12-30T115247.460535.snakemake.log
