Building DAG of jobs...
Provided cores: 8
Rules claiming more threads will be scaled down.
Job stats:
job            count
-----------  -------
train_model        1
total              1

Select jobs to execute...

[Sat Dec 30 11:39:40 2023]
rule train_model:
    input: ../Data/prepared_data.csv
    output: ../Models/models_and_data.pkl
    jobid: 1
    reason: Forced execution
    resources: tmpdir=C:\Users\hedwi\AppData\Local\Temp

[Sat Dec 30 11:39:42 2023]
Error in rule train_model:
    jobid: 1
    input: ../Data/prepared_data.csv
    output: ../Models/models_and_data.pkl
    shell:
        
        python3 train_model.py ../Data/prepared_data.csv ../Models/models_and_data.pkl
        
        (one of the commands exited with non-zero exit code; note that snakemake uses bash strict mode!)

Shutting down, this might take some time.
Exiting because a job execution failed. Look above for error message
Complete log: .snakemake\log\2023-12-30T113940.587353.snakemake.log
