Building DAG of jobs...
Provided cores: 8
Rules claiming more threads will be scaled down.
Job stats:
job               count
--------------  -------
predict_params        1
total                 1

Select jobs to execute...

[Sat Dec 30 12:01:24 2023]
rule predict_params:
    input: ../data/models_and_data.pkl
    output: ../data/predictions.txt
    jobid: 0
    reason: Forced execution
    resources: tmpdir=C:\Users\hedwi\AppData\Local\Temp

[Sat Dec 30 12:01:26 2023]
Finished job 0.
1 of 1 steps (100%) done
Complete log: .snakemake\log\2023-12-30T120124.617595.snakemake.log
