Building DAG of jobs...
Provided cores: 8
Rules claiming more threads will be scaled down.
Job stats:
job        count
-------  -------
predict        1
total          1

Select jobs to execute...

[Sat Dec 30 11:52:58 2023]
rule predict:
    input: ../Data/models_and_data.pkl
    output: ../Data/predictions.txt
    jobid: 1
    reason: Forced execution
    resources: tmpdir=C:\Users\hedwi\AppData\Local\Temp

[Sat Dec 30 11:52:59 2023]
Finished job 1.
1 of 1 steps (100%) done
Complete log: .snakemake\log\2023-12-30T115258.093654.snakemake.log
